{"message":"Map id 6 created.","level":"info"}
{"message":"Map id 7 created.","level":"info"}
{"message":"Map id 8 created.","level":"info"}
{"message":"Map id 9 created.","level":"info"}
{"message":"Map id 10 created.","level":"info"}
{"message":"Map id 11 created.","level":"info"}
{"message":"Map id 12 created.","level":"info"}
{"message":"Map id 6 created.","level":"info"}
{"message":"Map id undefined updated.","level":"info"}
{"message":"Map id undefined updated.","level":"info"}
{"message":"Map test C updated.","level":"info"}
{"message":"Map test C updated.","level":"info"}
{"message":"Map test C updated.","level":"info"}
{"message":"Map test C updated.","level":"info"}
{"message":"Map test E updated.","level":"info"}
{"message":"Map test E updated.","level":"info"}
{"message":"Map test E updated.","level":"info"}
{"message":"Map id 6 created.","level":"info"}
{"message":"Map test C updated.","level":"info"}
{"message":"Map test E deleted.","level":"info"}
{"message":"Map test E deleted.","level":"info"}
{"message":"Map test 8 deleted.","level":"info"}
{"message":"Map id 7 created.","level":"info"}
{"message":"Map test q deleted.","level":"info"}
{"message":"Map id 8 created.","level":"info"}
{"message":"Map test 8 deleted.","level":"info"}
{"message":"Map test C deleted.","level":"info"}
{"message":"Map id 9 created.","level":"info"}
{"message":"Map id 10 created.","level":"info"}
{"message":"Map id 11 created.","level":"info"}
{"message":"Map test q deleted.","level":"info"}
{"message":"Map test h deleted.","level":"info"}
{"message":"Map test z deleted.","level":"info"}
{"message":"Map id 12 created.","level":"info"}
{"message":"Map id 13 created.","level":"info"}
{"message":"Map testg deleted.","level":"info"}
{"message":"Map test9 deleted.","level":"info"}
{"message":"Map id 14 created.","level":"info"}
{"message":"Map test7 updated.","level":"info"}
{"message":"Map id 6 created.","level":"info"}
{"message":"Map test E updated.","level":"info"}
{"message":"Map test D deleted.","level":"info"}
{"message":"Map id 6 created.","level":"info"}
{"message":"Map test E updated.","level":"info"}
{"message":"Map test D deleted.","level":"info"}
